Initializing error report...
 1   Processing_Resource (
 2      Type                   => Regular_Processor,
 3      Name                   => cpu,
 4      Max_Interrupt_Priority => 255,
 5      Min_Interrupt_Priority => 241,
 6      Worst_ISR_Switch       => 2.578E-06,
 7      Avg_ISR_Switch         => 2.578E-06,
 8      Best_ISR_Switch        => 2.578E-06,
 9      System_Timer           => 
 10        ( Type           => Ticker,
 11          Worst_Overhead => 3.844E-06,
 12          Avg_Overhead   => 3.844E-06,
 13          Best_Overhead  => 0.00,
 14          Period         => 0.001000),
 15     Speed_Factor           => 1.00);
 17  Scheduler (
 18     Type            => Primary_Scheduler,
 19     Name            => fps,
 20     Host            => cpu,
 21     Policy          => 
 22        ( Type                 => Fixed_Priority,
 23          Worst_Context_Switch => 3.090E-06,
 24          Avg_Context_Switch   => 3.090E-06,
 25          Best_Context_Switch  => 3.090E-06,
 26          Max_Priority         => 240,
 27          Min_Priority         => 1));
 29  Scheduling_Server (
 30     Type                       => Regular,
 31     Name                       => regular_producer,
 32     Server_Sched_Parameters    => 
 33        ( Type         => Fixed_Priority_Policy,
 34          The_Priority => 7,
 35          Preassigned  => YES),
 36     Scheduler                  => fps);
 38  Scheduling_Server (
 39     Type                       => Regular,
 40     Name                       => on_call_producer,
 41     Server_Sched_Parameters    => 
 42        ( Type         => Fixed_Priority_Policy,
 43          The_Priority => 5,
 44          Preassigned  => YES),
 45     Scheduler                  => fps);
 47  Scheduling_Server (
 48     Type                       => Regular,
 49     Name                       => activation_log_reader,
 50     Server_Sched_Parameters    => 
 51        ( Type         => Fixed_Priority_Policy,
 52          The_Priority => 3,
 53          Preassigned  => YES),
 54     Scheduler                  => fps);
 56  Scheduling_Server (
 57     Type                       => Regular,
 58     Name                       => external_event_server,
 59     Server_Sched_Parameters    => 
 60        ( Type         => Interrupt_FP_Policy,
 61          The_Priority => 11),
 62     Scheduler                  => fps);
 64  Shared_Resource (
 65     Type        => Immediate_Ceiling_Resource,
 66     Name        => request_buffer,
 67     Ceiling     => 9,
 68     Preassigned => YES);
 70  Shared_Resource (
 71     Type        => Immediate_Ceiling_Resource,
 72     Name        => activation_log,
 73     Ceiling     => 13,
 74     Preassigned => YES);
 76  Shared_Resource (
 77     Type        => Immediate_Ceiling_Resource,
 78     Name        => event_queue,
 79     Ceiling     => 241,
 80     Preassigned => YES);
 82  Operation (
 83     Type                       => Simple,
 84     Name                       => small_whetstone,
 85     Worst_Case_Execution_Time  => 1.000E+100,
 86     Avg_Case_Execution_Time    => 1.000E+100,
 87     Best_Case_Execution_Time   => 0.00);
 89  Operation (
 90     Type                       => Simple,
 91     Name                       => due_activation,
 92     Worst_Case_Execution_Time  => 1.000E+100,
 93     Avg_Case_Execution_Time    => 1.000E+100,
 94     Best_Case_Execution_Time   => 0.00);
 96  Operation (
 97     Type                       => Simple,
 98     Name                       => rb_deposit,
 99     Worst_Case_Execution_Time  => 1.000E+100,
 100    Avg_Case_Execution_Time    => 1.000E+100,
 101    Best_Case_Execution_Time   => 0.00,
 102    Shared_Resources_To_Lock   => 
 103       ( request_buffer),
 104    Shared_Resources_To_Unlock => 
 105       ( request_buffer));
 107 Operation (
 108    Type                       => Simple,
 109    Name                       => rb_extract,
 110    Worst_Case_Execution_Time  => 1.000E+100,
 111    Avg_Case_Execution_Time    => 1.000E+100,
 112    Best_Case_Execution_Time   => 0.00,
 113    Shared_Resources_To_Lock   => 
 114       ( request_buffer),
 115    Shared_Resources_To_Unlock => 
 116       ( request_buffer));
 118 Operation (
 119    Type                     => Enclosing,
 120    Name                     => ocp_start,
 121    Worst_Case_Execution_Time=> 1.000E+100,
 122    Avg_Case_Execution_Time  => 1.000E+100,
 123    Best_Case_Execution_Time => 0.00,
 124    Composite_Operation_List => 
 125       ( rb_deposit));
 127 Operation (
 128    Type                       => Simple,
 129    Name                       => check_due,
 130    Worst_Case_Execution_Time  => 1.000E+100,
 131    Avg_Case_Execution_Time    => 1.000E+100,
 132    Best_Case_Execution_Time   => 0.00);
 134 Operation (
 135    Type                     => Enclosing,
 136    Name                     => rp_operation,
 137    Worst_Case_Execution_Time=> 1.000E+100,
 138    Avg_Case_Execution_Time  => 1.000E+100,
 139    Best_Case_Execution_Time => 0.00,
 140    Composite_Operation_List => 
 141       ( small_whetstone,
 142         due_activation,
 143         ocp_start,
 144         check_due,
 145         put_line,
 146         alr_signal));
 148 Operation (
 149    Type                     => Composite,
 150    Name                     => ocp_operation,
 151    Composite_Operation_List => 
 152       ( small_whetstone,
 153         put_line));
 155 Operation (
 156    Type                       => Simple,
 157    Name                       => put_line,
 158    Worst_Case_Execution_Time  => 1.000E+100,
 159    Avg_Case_Execution_Time    => 1.000E+100,
 160    Best_Case_Execution_Time   => 0.00);
 162 Operation (
 163    Type                     => Enclosing,
 164    Name                     => regular_producer,
 165    Worst_Case_Execution_Time=> 1.000E+100,
 166    Avg_Case_Execution_Time  => 1.000E+100,
 167    Best_Case_Execution_Time => 0.00,
 168    Composite_Operation_List => 
 169       ( rp_operation));
 171 Operation (
 172    Type                     => Enclosing,
 173    Name                     => on_call_producer,
 174    Worst_Case_Execution_Time=> 1.000E+100,
 175    Avg_Case_Execution_Time  => 1.000E+100,
 176    Best_Case_Execution_Time => 0.00,
 177    Composite_Operation_List => 
 178       ( rb_extract,
 179         ocp_operation));
 181 Operation (
 182    Type                       => Simple,
 183    Name                       => eq_signal,
 184    Worst_Case_Execution_Time  => 1.000E+100,
 185    Avg_Case_Execution_Time    => 1.000E+100,
 186    Best_Case_Execution_Time   => 0.00,
 187    Shared_Resources_To_Lock   => 
 188       ( event_queue),
 189    Shared_Resources_To_Unlock => 
 190       ( event_queue));
 192 Operation (
 193    Type                       => Simple,
 194    Name                       => eq_wait,
 195    Worst_Case_Execution_Time  => 1.000E+100,
 196    Avg_Case_Execution_Time    => 1.000E+100,
 197    Best_Case_Execution_Time   => 0.00,
 198    Shared_Resources_To_Lock   => 
 199       ( event_queue),
 200    Shared_Resources_To_Unlock => 
 201       ( event_queue));
 203 Operation (
 204    Type                       => Simple,
 205    Name                       => al_read,
 206    Worst_Case_Execution_Time  => 1.000E+100,
 207    Avg_Case_Execution_Time    => 1.000E+100,
 208    Best_Case_Execution_Time   => 0.00,
 209    Shared_Resources_To_Lock   => 
 210       ( activation_log),
 211    Shared_Resources_To_Unlock => 
 212       ( activation_log));
 214 Operation (
 215    Type                       => Simple,
 216    Name                       => al_write,
 217    Worst_Case_Execution_Time  => 1.000E+100,
 218    Avg_Case_Execution_Time    => 1.000E+100,
 219    Best_Case_Execution_Time   => 0.00,
 220    Shared_Resources_To_Lock   => 
 221       ( activation_log),
 222    Shared_Resources_To_Unlock => 
 223       ( activation_log));
 225 Operation (
 226    Type                     => Enclosing,
 227    Name                     => server_operation,
 228    Worst_Case_Execution_Time=> 1.000E+100,
 229    Avg_Case_Execution_Time  => 1.000E+100,
 230    Best_Case_Execution_Time => 0.00,
 231    Composite_Operation_List => 
 232       ( al_write));
 234 Operation (
 235    Type                     => Enclosing,
 236    Name                     => external_event_server,
 237    Worst_Case_Execution_Time=> 1.000E+100,
 238    Avg_Case_Execution_Time  => 1.000E+100,
 239    Best_Case_Execution_Time => 0.00,
 240    Composite_Operation_List => 
 241       ( eq_wait,
 242         server_operation));
 244 Operation (
 245    Type                       => Simple,
 246    Name                       => alr_signal,
 247    Worst_Case_Execution_Time  => 1.000E+100,
 248    Avg_Case_Execution_Time    => 1.000E+100,
 249    Best_Case_Execution_Time   => 0.00);
 251 Operation (
 252    Type                       => Simple,
 253    Name                       => alr_wait,
 254    Worst_Case_Execution_Time  => 1.000E+100,
 255    Avg_Case_Execution_Time    => 1.000E+100,
 256    Best_Case_Execution_Time   => 0.00);
 258 Operation (
 259    Type                     => Enclosing,
 260    Name                     => alr_operation,
 261    Worst_Case_Execution_Time=> 1.000E+100,
 262    Avg_Case_Execution_Time  => 1.000E+100,
 263    Best_Case_Execution_Time => 0.00,
 264    Composite_Operation_List => 
 265       ( small_whetstone,
 266         al_read,
 267         put_line));
 269 Operation (
 270    Type                     => Enclosing,
 271    Name                     => activation_log_reader,
 272    Worst_Case_Execution_Time=> 1.000E+100,
 273    Avg_Case_Execution_Time  => 1.000E+100,
 274    Best_Case_Execution_Time => 0.00,
 275    Composite_Operation_List => 
 276       ( alr_wait,
 277         alr_operation));
 279 Transaction (
 280    Type            => regular,
 281    Name            => regular_producer,
 282    External_Events => 
 283       ( ( Type       => Periodic,
 284           Name       => e1,
 285           Period     => 1.000,
 286           Max_Jitter => 0.000,
 287           Phase      => 0.000)),
 288    Internal_Events => 
 289       ( ( Type => Regular,
 290           Name => o1),
 291         ( Type => Regular,
 292           Name => o2),
 293         ( Type => Regular,
 294           Name => o3),
 295         ( Type => Regular,
 296           Name => o4),
 297         ( Type => Regular,
 298           Name => o5),
 299         ( Type => Regular,
 300           Name => o6),
 301         ( Type => Regular,
 302           Name => o7),
 303         ( Type => Regular,
 304           Name => o8),
 305         ( Type => Regular,
 306           Name => o9)),
 307    Event_Handlers  => 
 308       ( (Type               => System_Timed_Activity,
 309          Input_Event        => e1,
 310          Output_Event       => o1,
 311          Activity_Operation => small_whetstone,
 312          Activity_Server    => regular_producer),
 313         (Type              => Multicast,
 314          Input_Event       => o1,
 315          Output_Events_List=> 
 316             ( o2,
 317               o6)),
 318         (Type               => Activity,
 319          Input_Event        => o2,
 320          Output_Event       => o3,
 321          Activity_Operation => due_activation,
 322          Activity_Server    => regular_producer),
 323         (Type               => Rate_Divisor,
 324          Input_Event        => o3,
 325          Output_Event       => o4,
 326          Rate_Factor        => 5),
 327         (Type               => Activity,
 328          Input_Event        => o4,
 329          Output_Event       => o5,
 330          Activity_Operation => ocp_start,
 331          Activity_Server    => regular_producer),
 332         (Type               => Activity,
 333          Input_Event        => o6,
 334          Output_Event       => o7,
 335          Activity_Operation => check_due,
 336          Activity_Server    => regular_producer),
 337         (Type               => Rate_Divisor,
 338          Input_Event        => o7,
 339          Output_Event       => o8,
 340          Rate_Factor        => 3),
 341         (Type               => Activity,
 342          Input_Event        => o8,
 343          Output_Event       => o9,
 344          Activity_Operation => alr_signal,
 345          Activity_Server    => regular_producer)));
 346 

